[2025-12-29 19:41:57] [INFO    ] discord.client: logging in using static token
[2025-12-29 19:41:58] [INFO    ] discord.gateway: Shard ID None has connected to Gateway (Session ID: be69be10c6c50d811fd3e06285a87226).
[2025-12-29 19:42:26] [ERROR   ] discord.client: Ignoring exception in on_message
Traceback (most recent call last):
  File "/home/ubuntu/.local/lib/python3.8/site-packages/discord/client.py", line 504, in _run_event
    await coro(*args, **kwargs)
  File "main.py", line 282, in on_message
    await state_col.update_one(
AttributeError: 'LocalCollection' object has no attribute 'update_one'
[2025-12-29 19:42:35] [ERROR   ] discord.client: Ignoring exception in on_message
Traceback (most recent call last):
  File "/home/ubuntu/.local/lib/python3.8/site-packages/discord/client.py", line 504, in _run_event
    await coro(*args, **kwargs)
  File "main.py", line 282, in on_message
    await state_col.update_one(
AttributeError: 'LocalCollection' object has no attribute 'update_one'
[2025-12-29 19:43:17] [ERROR   ] discord.client: Ignoring exception in on_message
Traceback (most recent call last):
  File "/home/ubuntu/.local/lib/python3.8/site-packages/discord/client.py", line 504, in _run_event
    await coro(*args, **kwargs)
  File "main.py", line 282, in on_message
    await state_col.update_one(
AttributeError: 'LocalCollection' object has no attribute 'update_one'
[2025-12-29 19:43:25] [ERROR   ] discord.client: Ignoring exception in on_message
Traceback (most recent call last):
  File "/home/ubuntu/.local/lib/python3.8/site-packages/discord/client.py", line 504, in _run_event
    await coro(*args, **kwargs)
  File "main.py", line 282, in on_message
    await state_col.update_one(
AttributeError: 'LocalCollection' object has no attribute 'update_one'
[2025-12-29 19:44:16] [ERROR   ] discord.client: Ignoring exception in on_message
Traceback (most recent call last):
  File "/home/ubuntu/.local/lib/python3.8/site-packages/discord/client.py", line 504, in _run_event
    await coro(*args, **kwargs)
  File "main.py", line 282, in on_message
    await state_col.update_one(
AttributeError: 'LocalCollection' object has no attribute 'update_one'
[2025-12-29 19:44:26] [ERROR   ] discord.client: Ignoring exception in on_message
Traceback (most recent call last):
  File "/home/ubuntu/.local/lib/python3.8/site-packages/discord/client.py", line 504, in _run_event
    await coro(*args, **kwargs)
  File "main.py", line 282, in on_message
    await state_col.update_one(
AttributeError: 'LocalCollection' object has no attribute 'update_one'
