[2025-12-31 23:18:30] [INFO    ] discord.client: logging in using static token
[2025-12-31 23:18:31] [INFO    ] discord.gateway: Shard ID None has connected to Gateway (Session ID: fda6c5dc0f8e81e98b0767ef6074f384).
[2026-01-01 03:00:01] [INFO    ] discord.gateway: Shard ID None has successfully RESUMED session fda6c5dc0f8e81e98b0767ef6074f384.
[2026-01-01 05:47:03] [INFO    ] discord.gateway: Shard ID None has successfully RESUMED session fda6c5dc0f8e81e98b0767ef6074f384.
[2026-01-01 07:31:41] [INFO    ] discord.gateway: Shard ID None has successfully RESUMED session fda6c5dc0f8e81e98b0767ef6074f384.
[2026-01-01 07:44:33] [ERROR   ] discord.ext.tasks: Unhandled exception in internal background task 'check_lockout_times'.
Traceback (most recent call last):
  File "/home/ubuntu/.local/lib/python3.8/site-packages/discord/ext/tasks/__init__.py", line 246, in _loop
    await self.coro(*args, **kwargs)
  File "/home/ubuntu/GitHub/MamaBug/main.py", line 172, in check_lockout_times
    should_be_locked = is_time_in_range(user_data['start'], user_data['end'], local_time)
KeyError: 'start'
[2026-01-01 08:39:29] [INFO    ] discord.gateway: Shard ID None has successfully RESUMED session fda6c5dc0f8e81e98b0767ef6074f384.
[2026-01-01 11:56:34] [INFO    ] discord.gateway: Shard ID None has successfully RESUMED session fda6c5dc0f8e81e98b0767ef6074f384.
[2026-01-01 13:57:46] [INFO    ] discord.gateway: Shard ID None has successfully RESUMED session fda6c5dc0f8e81e98b0767ef6074f384.
[2026-01-01 14:52:29] [INFO    ] discord.gateway: Shard ID None has successfully RESUMED session fda6c5dc0f8e81e98b0767ef6074f384.
[2026-01-01 15:49:43] [INFO    ] discord.gateway: Shard ID None has successfully RESUMED session fda6c5dc0f8e81e98b0767ef6074f384.
[2026-01-01 18:21:49] [INFO    ] discord.gateway: Shard ID None has successfully RESUMED session fda6c5dc0f8e81e98b0767ef6074f384.
[2026-01-01 19:46:43] [INFO    ] discord.gateway: Shard ID None has successfully RESUMED session fda6c5dc0f8e81e98b0767ef6074f384.
[2026-01-01 23:27:47] [INFO    ] discord.gateway: Shard ID None has successfully RESUMED session fda6c5dc0f8e81e98b0767ef6074f384.
[2026-01-02 00:15:03] [ERROR   ] discord.ext.commands.bot: Ignoring exception in command None
discord.ext.commands.errors.CommandNotFound: Command "myview" is not found
[2026-01-02 00:15:14] [ERROR   ] discord.ext.commands.bot: Ignoring exception in command None
discord.ext.commands.errors.CommandNotFound: Command "hwlp" is not found
[2026-01-02 00:15:26] [ERROR   ] discord.ext.commands.bot: Ignoring exception in command None
discord.ext.commands.errors.CommandNotFound: Command "myview" is not found
[2026-01-02 00:18:49] [ERROR   ] discord.ext.commands.bot: Ignoring exception in command None
discord.ext.commands.errors.CommandNotFound: Command "myview" is not found
[2026-01-02 00:19:21] [ERROR   ] discord.ext.commands.bot: Ignoring exception in command None
discord.ext.commands.errors.CommandNotFound: Command "myview" is not found
[2026-01-02 00:45:58] [INFO    ] discord.gateway: Shard ID None has successfully RESUMED session fda6c5dc0f8e81e98b0767ef6074f384.
[2026-01-02 02:51:07] [INFO    ] discord.gateway: Shard ID None has successfully RESUMED session fda6c5dc0f8e81e98b0767ef6074f384.
[2026-01-02 03:39:11] [INFO    ] discord.gateway: Shard ID None has successfully RESUMED session fda6c5dc0f8e81e98b0767ef6074f384.
[2026-01-02 03:57:48] [INFO    ] discord.gateway: Shard ID None has successfully RESUMED session fda6c5dc0f8e81e98b0767ef6074f384.
[2026-01-02 06:22:09] [INFO    ] discord.gateway: Shard ID None has successfully RESUMED session fda6c5dc0f8e81e98b0767ef6074f384.
