nohup: ignoring input
[main 180618a] Auto-sync by Manager
 9 files changed, 2 insertions(+), 5901 deletions(-)
 rewrite BuggyBot.log (100%)
 rewrite MamaBug.log (100%)
 rewrite manager.log (99%)
To https://github.com/code-buggy-code/discord-bots
 ! [rejected]        main -> main (fetch first)
error: failed to push some refs to 'https://github.com/code-buggy-code/discord-bots'
hint: Updates were rejected because the remote contains work that you do
hint: not have locally. This is usually caused by another repository pushing
hint: to the same ref. You may want to first integrate the remote changes
hint: (e.g., 'git pull ...') before pushing again.
hint: See the 'Note about fast-forwards' in 'git push --help' for details.
[main fd274d7] Auto-sync by Manager
 6 files changed, 17 insertions(+)
To https://github.com/code-buggy-code/discord-bots
 ! [rejected]        main -> main (fetch first)
error: failed to push some refs to 'https://github.com/code-buggy-code/discord-bots'
hint: Updates were rejected because the remote contains work that you do
hint: not have locally. This is usually caused by another repository pushing
hint: to the same ref. You may want to first integrate the remote changes
hint: (e.g., 'git pull ...') before pushing again.
hint: See the 'Note about fast-forwards' in 'git push --help' for details.
[main 9329c3b] Auto-sync by Manager
 1 file changed, 1 insertion(+), 1 deletion(-)
To https://github.com/code-buggy-code/discord-bots
 ! [rejected]        main -> main (fetch first)
error: failed to push some refs to 'https://github.com/code-buggy-code/discord-bots'
hint: Updates were rejected because the remote contains work that you do
hint: not have locally. This is usually caused by another repository pushing
hint: to the same ref. You may want to first integrate the remote changes
hint: (e.g., 'git pull ...') before pushing again.
hint: See the 'Note about fast-forwards' in 'git push --help' for details.
[main dedede7] Auto-sync by Manager
 1 file changed, 0 insertions(+), 0 deletions(-)
 create mode 100644 BuggyBot/.browser.json.swp
To https://github.com/code-buggy-code/discord-bots
 ! [rejected]        main -> main (fetch first)
error: failed to push some refs to 'https://github.com/code-buggy-code/discord-bots'
hint: Updates were rejected because the remote contains work that you do
hint: not have locally. This is usually caused by another repository pushing
hint: to the same ref. You may want to first integrate the remote changes
hint: (e.g., 'git pull ...') before pushing again.
hint: See the 'Note about fast-forwards' in 'git push --help' for details.
[main acc72b0] Auto-sync by Manager
 7 files changed, 23 deletions(-)
 rewrite BuggyBot.log (100%)
 rewrite MamaBug.log (100%)
To https://github.com/code-buggy-code/discord-bots
   44e8d2e..acc72b0  main -> main
[main fd7f5e7] Auto-sync by Manager
 7 files changed, 20 insertions(+)
To https://github.com/code-buggy-code/discord-bots
   0427ed0..fd7f5e7  main -> main
[main cd09c3e] Auto-sync by Manager
 7 files changed, 23 deletions(-)
 rewrite BuggyBot.log (100%)
 rewrite MamaBug.log (100%)
To https://github.com/code-buggy-code/discord-bots
 ! [rejected]        main -> main (non-fast-forward)
error: failed to push some refs to 'https://github.com/code-buggy-code/discord-bots'
hint: Updates were rejected because the tip of your current branch is behind
hint: its remote counterpart. Integrate the remote changes (e.g.
hint: 'git pull ...') before pushing again.
hint: See the 'Note about fast-forwards' in 'git push --help' for details.
[main f51d81f] Auto-sync by Manager
 7 files changed, 29 deletions(-)
 rewrite BuggyBot.log (100%)
 rewrite MamaBug.log (100%)
