[2025-12-31 23:18:31] [INFO    ] discord.client: logging in using static token
[2025-12-31 23:18:32] [INFO    ] discord.gateway: Shard ID None has connected to Gateway (Session ID: 6bac55347b07320de7cd93e3690c327e).
[2026-01-01 02:05:18] [INFO    ] discord.gateway: Shard ID None has successfully RESUMED session 6bac55347b07320de7cd93e3690c327e.
[2026-01-01 02:26:19] [INFO    ] discord.gateway: Shard ID None has successfully RESUMED session 6bac55347b07320de7cd93e3690c327e.
[2026-01-01 05:04:43] [INFO    ] discord.gateway: Shard ID None has successfully RESUMED session 6bac55347b07320de7cd93e3690c327e.
[2026-01-01 05:22:02] [INFO    ] discord.gateway: Shard ID None has successfully RESUMED session 6bac55347b07320de7cd93e3690c327e.
[2026-01-01 08:57:49] [INFO    ] discord.gateway: Shard ID None has successfully RESUMED session 6bac55347b07320de7cd93e3690c327e.
[2026-01-01 10:09:06] [INFO    ] discord.gateway: Shard ID None has successfully RESUMED session 6bac55347b07320de7cd93e3690c327e.
[2026-01-01 11:15:16] [INFO    ] discord.gateway: Shard ID None has successfully RESUMED session 6bac55347b07320de7cd93e3690c327e.
[2026-01-01 15:02:38] [INFO    ] discord.gateway: Shard ID None has successfully RESUMED session 6bac55347b07320de7cd93e3690c327e.
[2026-01-01 16:44:25] [ERROR   ] discord.ext.commands.bot: Ignoring exception in command ignore
Traceback (most recent call last):
  File "/home/ubuntu/.local/lib/python3.8/site-packages/discord/ext/commands/bot.py", line 1376, in invoke
    await ctx.command.invoke(ctx)
  File "/home/ubuntu/.local/lib/python3.8/site-packages/discord/ext/commands/core.py", line 1056, in invoke
    await self.prepare(ctx)
  File "/home/ubuntu/.local/lib/python3.8/site-packages/discord/ext/commands/core.py", line 973, in prepare
    await self._parse_arguments(ctx)
  File "/home/ubuntu/.local/lib/python3.8/site-packages/discord/ext/commands/core.py", line 880, in _parse_arguments
    transformed = await self.transform(ctx, param, attachments)
  File "/home/ubuntu/.local/lib/python3.8/site-packages/discord/ext/commands/core.py", line 732, in transform
    raise MissingRequiredArgument(param)
discord.ext.commands.errors.MissingRequiredArgument: channel_id is a required argument that is missing.
